2021-05-05 13:06:34,714 INFO o.a.j.u.JMeterUtils: Setting Locale to es_ES
2021-05-05 13:06:34,740 INFO o.a.j.u.JMeterUtils: Could not find resources for 'es_ES', using 'es'
2021-05-05 13:06:34,741 INFO o.a.j.JMeter: Loading user properties from: /home/danist/apache-jmeter-5.2.1/bin/user.properties
2021-05-05 13:06:34,741 INFO o.a.j.JMeter: Loading system properties from: /home/danist/apache-jmeter-5.2.1/bin/system.properties
2021-05-05 13:06:34,744 INFO o.a.j.JMeter: Copyright (c) 1998-2019 The Apache Software Foundation
2021-05-05 13:06:34,744 INFO o.a.j.JMeter: Version 5.2.1
2021-05-05 13:06:34,744 INFO o.a.j.JMeter: java.version=1.8.0_292
2021-05-05 13:06:34,744 INFO o.a.j.JMeter: java.vm.name=OpenJDK 64-Bit Server VM
2021-05-05 13:06:34,744 INFO o.a.j.JMeter: os.name=Linux
2021-05-05 13:06:34,744 INFO o.a.j.JMeter: os.arch=amd64
2021-05-05 13:06:34,744 INFO o.a.j.JMeter: os.version=5.8.0-50-generic
2021-05-05 13:06:34,744 INFO o.a.j.JMeter: file.encoding=UTF-8
2021-05-05 13:06:34,744 INFO o.a.j.JMeter: java.awt.headless=null
2021-05-05 13:06:34,745 INFO o.a.j.JMeter: Max memory     =1823473664
2021-05-05 13:06:34,745 INFO o.a.j.JMeter: Available Processors =4
2021-05-05 13:06:34,752 INFO o.a.j.JMeter: Default Locale=espa単ol (Espa単a)
2021-05-05 13:06:34,753 INFO o.a.j.JMeter: JMeter  Locale=espa単ol (Espa単a)
2021-05-05 13:06:34,753 INFO o.a.j.JMeter: JMeterHome=/home/danist/apache-jmeter-5.2.1
2021-05-05 13:06:34,753 INFO o.a.j.JMeter: user.dir  =/home/danist/Documentos/UAM/SEGUNDO_CUATRI/SI2/Practica3/P3
2021-05-05 13:06:34,753 INFO o.a.j.JMeter: PWD       =/home/danist/Documentos/UAM/SEGUNDO_CUATRI/SI2/Practica3/P3
2021-05-05 13:06:34,754 INFO o.a.j.JMeter: IP: 127.0.1.1 Name: danist-Lenovo-E51-80 FullName: danist-Lenovo-E51-80
2021-05-05 13:06:35,096 INFO o.a.j.g.a.LookAndFeelCommand: Installing Darcula LAF
2021-05-05 13:06:35,156 INFO o.a.j.g.a.LookAndFeelCommand: Using look and feel: com.bulenkov.darcula.DarculaLaf [Darcula]
2021-05-05 13:06:35,156 INFO o.a.j.JMeter: Setting LAF to: com.bulenkov.darcula.DarculaLaf
2021-05-05 13:06:35,315 INFO o.a.j.JMeter: Loaded icon properties from org/apache/jmeter/images/icon.properties
2021-05-05 13:06:38,480 INFO o.a.j.p.h.s.HTTPSamplerBase: Parser for text/html is org.apache.jmeter.protocol.http.parser.LagartoBasedHtmlParser
2021-05-05 13:06:38,480 INFO o.a.j.p.h.s.HTTPSamplerBase: Parser for application/xhtml+xml is org.apache.jmeter.protocol.http.parser.LagartoBasedHtmlParser
2021-05-05 13:06:38,481 INFO o.a.j.p.h.s.HTTPSamplerBase: Parser for application/xml is org.apache.jmeter.protocol.http.parser.LagartoBasedHtmlParser
2021-05-05 13:06:38,481 INFO o.a.j.p.h.s.HTTPSamplerBase: Parser for text/xml is org.apache.jmeter.protocol.http.parser.LagartoBasedHtmlParser
2021-05-05 13:06:38,481 INFO o.a.j.p.h.s.HTTPSamplerBase: Parser for text/vnd.wap.wml is org.apache.jmeter.protocol.http.parser.RegexpHTMLParser
2021-05-05 13:06:38,481 INFO o.a.j.p.h.s.HTTPSamplerBase: Parser for text/css is org.apache.jmeter.protocol.http.parser.CssParser
2021-05-05 13:06:38,874 INFO o.a.j.e.KeyToolUtils: keytool found at 'keytool'
2021-05-05 13:06:38,874 INFO o.a.j.p.h.p.ProxyControl: HTTP(S) Test Script Recorder SSL Proxy will use keys that support embedded 3rd party resources in file /home/danist/apache-jmeter-5.2.1/bin/proxyserver.jks
2021-05-05 13:06:39,057 INFO o.a.j.s.FileServer: Default base='/home/danist/Documentos/UAM/SEGUNDO_CUATRI/SI2/Practica3/P3'
2021-05-05 13:06:39,595 INFO o.a.j.s.SampleResult: Note: Sample TimeStamps are START times
2021-05-05 13:06:39,595 INFO o.a.j.s.SampleResult: sampleresult.default.encoding is set to ISO-8859-1
2021-05-05 13:06:39,596 INFO o.a.j.s.SampleResult: sampleresult.useNanoTime=true
2021-05-05 13:06:39,596 INFO o.a.j.s.SampleResult: sampleresult.nanoThreadSleep=5000
2021-05-05 13:06:39,620 INFO o.a.j.v.ViewResultsFullVisualizer: Add JavaFX to your Java installation if you want to use renderer: org.apache.jmeter.visualizers.RenderInBrowser
2021-05-05 13:06:48,508 INFO o.a.j.g.a.Load: Loading file: /home/danist/Documentos/UAM/SEGUNDO_CUATRI/SI2/Practica3/P3/P2.jmx
2021-05-05 13:06:48,508 INFO o.a.j.s.FileServer: Set new base='/home/danist/Documentos/UAM/SEGUNDO_CUATRI/SI2/Practica3/P3'
2021-05-05 13:06:48,724 INFO o.a.j.s.SaveService: Testplan (JMX) version: 2.2. Testlog (JTL) version: 2.2
2021-05-05 13:06:48,733 INFO o.a.j.s.SaveService: Using SaveService properties file encoding UTF-8
2021-05-05 13:06:48,735 INFO o.a.j.s.SaveService: Using SaveService properties version 5.0
2021-05-05 13:06:48,738 INFO o.a.j.s.SaveService: Loading file: /home/danist/Documentos/UAM/SEGUNDO_CUATRI/SI2/Practica3/P3/P2.jmx
2021-05-05 13:06:48,943 INFO o.a.j.v.ViewResultsFullVisualizer: Add JavaFX to your Java installation if you want to use renderer: org.apache.jmeter.visualizers.RenderInBrowser
2021-05-05 13:06:48,982 INFO o.a.j.s.FileServer: Set new base='/home/danist/Documentos/UAM/SEGUNDO_CUATRI/SI2/Practica3/P3'
2021-05-05 13:16:15,081 INFO o.a.j.e.StandardJMeterEngine: Running the test!
2021-05-05 13:16:15,083 INFO o.a.j.s.SampleEvent: List of sample_variables: []
2021-05-05 13:16:15,083 INFO o.a.j.s.SampleEvent: List of sample_variables: []
2021-05-05 13:16:15,087 INFO o.a.j.e.u.CompoundVariable: Note: Function class names must contain the string: '.functions.'
2021-05-05 13:16:15,088 INFO o.a.j.e.u.CompoundVariable: Note: Function class names must not contain the string: '.gui.'
2021-05-05 13:16:15,447 INFO o.a.j.g.u.JMeterMenuBar: setRunning(true, *local*)
2021-05-05 13:16:15,689 INFO o.a.j.e.StandardJMeterEngine: Starting ThreadGroup: 1 : P3
2021-05-05 13:16:15,690 INFO o.a.j.e.StandardJMeterEngine: Starting 1 threads for group P3.
2021-05-05 13:16:15,690 INFO o.a.j.e.StandardJMeterEngine: Thread will continue on error
2021-05-05 13:16:15,690 INFO o.a.j.t.ThreadGroup: Starting thread group... number=1 threads=1 ramp-up=5 delayedStart=false
2021-05-05 13:16:15,696 INFO o.a.j.t.ThreadGroup: Started thread group number 1
2021-05-05 13:16:15,696 INFO o.a.j.e.StandardJMeterEngine: All thread groups have been started
2021-05-05 13:16:15,709 INFO o.a.j.t.JMeterThread: Thread started: P3 1-1
2021-05-05 13:16:15,718 INFO o.a.j.s.FileServer: Stored: datagen/listado.csv
2021-05-05 13:16:15,731 INFO o.a.j.p.h.s.HTTPJavaImpl: Maximum connection retries = 0
2021-05-05 13:16:38,451 INFO o.a.j.t.JMeterThread: Thread is done: P3 1-1
2021-05-05 13:16:38,452 INFO o.a.j.t.JMeterThread: Thread finished: P3 1-1
2021-05-05 13:16:38,454 INFO o.a.j.e.StandardJMeterEngine: Notifying test listeners of end of test
2021-05-05 13:16:38,456 INFO o.a.j.s.FileServer: Close: datagen/listado.csv
2021-05-05 13:16:38,458 INFO o.a.j.g.u.JMeterMenuBar: setRunning(false, *local*)
2021-05-05 13:18:55,647 INFO o.a.j.e.StandardJMeterEngine: Running the test!
2021-05-05 13:18:55,649 INFO o.a.j.s.SampleEvent: List of sample_variables: []
2021-05-05 13:18:55,661 INFO o.a.j.g.u.JMeterMenuBar: setRunning(true, *local*)
2021-05-05 13:18:55,973 INFO o.a.j.e.StandardJMeterEngine: Starting ThreadGroup: 1 : P3
2021-05-05 13:18:55,974 INFO o.a.j.e.StandardJMeterEngine: Starting 1 threads for group P3.
2021-05-05 13:18:55,974 INFO o.a.j.e.StandardJMeterEngine: Thread will continue on error
2021-05-05 13:18:55,974 INFO o.a.j.t.ThreadGroup: Starting thread group... number=1 threads=1 ramp-up=5 delayedStart=false
2021-05-05 13:18:55,976 INFO o.a.j.t.ThreadGroup: Started thread group number 1
2021-05-05 13:18:55,976 INFO o.a.j.e.StandardJMeterEngine: All thread groups have been started
2021-05-05 13:18:55,977 INFO o.a.j.t.JMeterThread: Thread started: P3 1-1
2021-05-05 13:18:55,978 INFO o.a.j.s.FileServer: Stored: datagen/listado.csv
2021-05-05 13:19:15,620 INFO o.a.j.t.JMeterThread: Thread is done: P3 1-1
2021-05-05 13:19:15,620 INFO o.a.j.t.JMeterThread: Thread finished: P3 1-1
2021-05-05 13:19:15,620 INFO o.a.j.e.StandardJMeterEngine: Notifying test listeners of end of test
2021-05-05 13:19:15,620 INFO o.a.j.s.FileServer: Close: datagen/listado.csv
2021-05-05 13:19:15,621 INFO o.a.j.g.u.JMeterMenuBar: setRunning(false, *local*)
2021-05-05 13:23:07,286 INFO o.a.j.e.StandardJMeterEngine: Running the test!
2021-05-05 13:23:07,287 INFO o.a.j.s.SampleEvent: List of sample_variables: []
2021-05-05 13:23:07,291 INFO o.a.j.g.u.JMeterMenuBar: setRunning(true, *local*)
2021-05-05 13:23:07,465 INFO o.a.j.e.StandardJMeterEngine: Starting ThreadGroup: 1 : P3
2021-05-05 13:23:07,466 INFO o.a.j.e.StandardJMeterEngine: Starting 1 threads for group P3.
2021-05-05 13:23:07,466 INFO o.a.j.e.StandardJMeterEngine: Thread will continue on error
2021-05-05 13:23:07,466 INFO o.a.j.t.ThreadGroup: Starting thread group... number=1 threads=1 ramp-up=5 delayedStart=false
2021-05-05 13:23:07,466 INFO o.a.j.t.ThreadGroup: Started thread group number 1
2021-05-05 13:23:07,467 INFO o.a.j.e.StandardJMeterEngine: All thread groups have been started
2021-05-05 13:23:07,467 INFO o.a.j.t.JMeterThread: Thread started: P3 1-1
2021-05-05 13:23:07,468 INFO o.a.j.s.FileServer: Stored: datagen/listado.csv
2021-05-05 13:23:24,343 INFO o.a.j.t.JMeterThread: Thread is done: P3 1-1
2021-05-05 13:23:24,343 INFO o.a.j.t.JMeterThread: Thread finished: P3 1-1
2021-05-05 13:23:24,343 INFO o.a.j.e.StandardJMeterEngine: Notifying test listeners of end of test
2021-05-05 13:23:24,343 INFO o.a.j.s.FileServer: Close: datagen/listado.csv
2021-05-05 13:23:24,345 INFO o.a.j.g.u.JMeterMenuBar: setRunning(false, *local*)
