[2021-02-15T20:15:36.313+0100] [] [INFO] [NCLS-GFLAUNCHER-00005] [javax.enterprise.launcher] [tid: _ThreadID=1 _ThreadName=main] [timeMillis: 1613416536313] [levelValue: 800] [[
  JVM invocation command line:
/usr/lib/jvm/java-8-openjdk-amd64/bin/java
-cp
/opt/glassfish4/glassfish/modules/glassfish.jar
-XX:+UnlockDiagnosticVMOptions
-XX:NewRatio=2
-XX:MaxPermSize=192m
-Xmx512m
-client
-javaagent:/opt/glassfish4/glassfish/lib/monitor/flashlight-agent.jar
-Djavax.xml.accessExternalSchema=all
-Djavax.net.ssl.trustStore=/opt/glassfish4/glassfish/domains/domain1/config/cacerts.jks
-Djdk.corba.allowOutputStreamSubclass=true
-Dfelix.fileinstall.dir=/opt/glassfish4/glassfish/modules/autostart/
-Dorg.glassfish.additionalOSGiBundlesToStart=org.apache.felix.shell,org.apache.felix.gogo.runtime,org.apache.felix.gogo.shell,org.apache.felix.gogo.command,org.apache.felix.shell.remote,org.apache.felix.fileinstall
-Dcom.sun.aas.installRoot=/opt/glassfish4/glassfish
-Dfelix.fileinstall.poll=5000
-Djava.endorsed.dirs=/opt/glassfish4/glassfish/modules/endorsed:/opt/glassfish4/glassfish/lib/endorsed
-Djava.security.policy=/opt/glassfish4/glassfish/domains/domain1/config/server.policy
-Dosgi.shell.telnet.maxconn=1
-Dfelix.fileinstall.bundles.startTransient=true
-Dcom.sun.enterprise.config.config_environment_factory_class=com.sun.enterprise.config.serverbeans.AppserverConfigEnvironmentFactory
-Dfelix.fileinstall.log.level=2
-Djavax.net.ssl.keyStore=/opt/glassfish4/glassfish/domains/domain1/config/keystore.jks
-Djava.security.auth.login.config=/opt/glassfish4/glassfish/domains/domain1/config/login.conf
-Dfelix.fileinstall.disableConfigSave=false
-Dfelix.fileinstall.bundles.new.start=true
-Dcom.sun.aas.instanceRoot=/opt/glassfish4/glassfish/domains/domain1
-Dosgi.shell.telnet.port=6666
-Dgosh.args=--nointeractive
-Dcom.sun.enterprise.security.httpsOutboundKeyAlias=s1as
-Dosgi.shell.telnet.ip=127.0.0.1
-DANTLR_USE_DIRECT_CLASS_LOADING=true
-Djava.awt.headless=true
-Dcom.ctc.wstx.returnNullForDefaultNamespace=true
-Djava.ext.dirs=/usr/lib/jvm/java-8-openjdk-amd64/lib/ext:/usr/lib/jvm/java-8-openjdk-amd64/jre/lib/ext:/opt/glassfish4/glassfish/domains/domain1/lib/ext
-Djdbc.drivers=org.apache.derby.jdbc.ClientDriver
-Djava.library.path=/opt/glassfish4/glassfish/lib:/usr/java/packages/lib/amd64:/usr/lib/x86_64-linux-gnu/jni:/lib/x86_64-linux-gnu:/usr/lib/x86_64-linux-gnu:/usr/lib/jni:/lib:/usr/lib
com.sun.enterprise.glassfish.bootstrap.ASMain
-upgrade
false
-domaindir
/opt/glassfish4/glassfish/domains/domain1
-read-stdin
true
-asadmin-args
--host,,,localhost,,,--port,,,4848,,,--secure=false,,,--terse=false,,,--echo=false,,,--interactive=true,,,start-domain,,,--verbose=false,,,--watchdog=false,,,--debug=false,,,--domaindir,,,/opt/glassfish4/glassfish/domains,,,domain1
-domainname
domain1
-instancename
server
-type
DAS
-verbose
false
-asadmin-classpath
/opt/glassfish4/glassfish/lib/client/appserver-cli.jar
-debug
false
-asadmin-classname
com.sun.enterprise.admin.cli.AdminMain]]

[2021-02-15T20:15:39.656+0100] [glassfish 4.1] [INFO] [NCLS-LOGGING-00009] [javax.enterprise.logging] [tid: _ThreadID=17 _ThreadName=RunLevelControllerThread-1613416539467] [timeMillis: 1613416539656] [levelValue: 800] [[
  Running GlassFish Version: GlassFish Server Open Source Edition  4.1.2  (build 1)]]

[2021-02-15T20:15:39.658+0100] [glassfish 4.1] [INFO] [NCLS-LOGGING-00010] [javax.enterprise.logging] [tid: _ThreadID=17 _ThreadName=RunLevelControllerThread-1613416539467] [timeMillis: 1613416539658] [levelValue: 800] [[
  Server log file is using Formatter class: com.sun.enterprise.server.logging.ODLLogFormatter]]

[2021-02-15T20:15:39.791+0100] [glassfish 4.1] [INFO] [NCLS-SECURITY-01115] [javax.enterprise.system.core.security] [tid: _ThreadID=16 _ThreadName=RunLevelControllerThread-1613416539466] [timeMillis: 1613416539791] [levelValue: 800] [[
  Realm [admin-realm] of classtype [com.sun.enterprise.security.auth.realm.file.FileRealm] successfully created.]]

[2021-02-15T20:15:39.792+0100] [glassfish 4.1] [INFO] [NCLS-SECURITY-01115] [javax.enterprise.system.core.security] [tid: _ThreadID=16 _ThreadName=RunLevelControllerThread-1613416539466] [timeMillis: 1613416539792] [levelValue: 800] [[
  Realm [file] of classtype [com.sun.enterprise.security.auth.realm.file.FileRealm] successfully created.]]

[2021-02-15T20:15:39.797+0100] [glassfish 4.1] [INFO] [NCLS-SECURITY-01115] [javax.enterprise.system.core.security] [tid: _ThreadID=16 _ThreadName=RunLevelControllerThread-1613416539466] [timeMillis: 1613416539797] [levelValue: 800] [[
  Realm [certificate] of classtype [com.sun.enterprise.security.auth.realm.certificate.CertificateRealm] successfully created.]]

[2021-02-15T20:15:39.987+0100] [glassfish 4.1] [INFO] [] [org.hibernate.validator.internal.util.Version] [tid: _ThreadID=18 _ThreadName=RunLevelControllerThread-1613416539474] [timeMillis: 1613416539987] [levelValue: 800] [[
  HV000001: Hibernate Validator 5.1.2.Final]]

[2021-02-15T20:15:40.247+0100] [glassfish 4.1] [INFO] [SEC-SVCS-00100] [javax.enterprise.security.services] [tid: _ThreadID=19 _ThreadName=RunLevelControllerThread-1613416539480] [timeMillis: 1613416540247] [levelValue: 800] [[
  Authorization Service has successfully initialized.]]

[2021-02-15T20:15:40.325+0100] [glassfish 4.1] [INFO] [] [org.glassfish.ha.store.spi.BackingStoreFactoryRegistry] [tid: _ThreadID=24 _ThreadName=RunLevelControllerThread-1613416539860] [timeMillis: 1613416540325] [levelValue: 800] [[
  Registered org.glassfish.ha.store.adapter.cache.ShoalBackingStoreProxy for persistence-type = replicated in BackingStoreFactoryRegistry]]

[2021-02-15T20:15:40.502+0100] [glassfish 4.1] [WARNING] [] [org.glassfish.grizzly.config.Utils] [tid: _ThreadID=17 _ThreadName=RunLevelControllerThread-1613416539467] [timeMillis: 1613416540502] [levelValue: 900] [[
  Instance could not be initialized. Class=interface org.glassfish.grizzly.http.server.AddOn, name=http-listener-1, realClassName=org.glassfish.grizzly.http2.Http2AddOn]]

[2021-02-15T20:15:40.655+0100] [glassfish 4.1] [INFO] [NCLS-CORE-00087] [javax.enterprise.system.core] [tid: _ThreadID=17 _ThreadName=RunLevelControllerThread-1613416539467] [timeMillis: 1613416540655] [levelValue: 800] [[
  Grizzly Framework 2.3.23 started in: 65ms - bound to [/0.0.0.0:8080]]]

[2021-02-15T20:15:40.697+0100] [glassfish 4.1] [WARNING] [] [org.glassfish.grizzly.config.Utils] [tid: _ThreadID=17 _ThreadName=RunLevelControllerThread-1613416539467] [timeMillis: 1613416540697] [levelValue: 900] [[
  Instance could not be initialized. Class=interface org.glassfish.grizzly.http.server.AddOn, name=http-listener-2, realClassName=org.glassfish.grizzly.http2.Http2AddOn]]

[2021-02-15T20:15:40.704+0100] [glassfish 4.1] [INFO] [NCLS-CORE-00087] [javax.enterprise.system.core] [tid: _ThreadID=17 _ThreadName=RunLevelControllerThread-1613416539467] [timeMillis: 1613416540704] [levelValue: 800] [[
  Grizzly Framework 2.3.23 started in: 3ms - bound to [/0.0.0.0:8181]]]

[2021-02-15T20:15:40.708+0100] [glassfish 4.1] [WARNING] [] [org.glassfish.grizzly.config.Utils] [tid: _ThreadID=17 _ThreadName=RunLevelControllerThread-1613416539467] [timeMillis: 1613416540708] [levelValue: 900] [[
  Instance could not be initialized. Class=interface org.glassfish.grizzly.http.server.AddOn, name=admin-listener, realClassName=org.glassfish.grizzly.http2.Http2AddOn]]

[2021-02-15T20:15:40.720+0100] [glassfish 4.1] [INFO] [NCLS-CORE-00087] [javax.enterprise.system.core] [tid: _ThreadID=17 _ThreadName=RunLevelControllerThread-1613416539467] [timeMillis: 1613416540720] [levelValue: 800] [[
  Grizzly Framework 2.3.23 started in: 4ms - bound to [/0.0.0.0:4848]]]

[2021-02-15T20:15:40.784+0100] [glassfish 4.1] [INFO] [NCLS-CORE-00087] [javax.enterprise.system.core] [tid: _ThreadID=24 _ThreadName=RunLevelControllerThread-1613416539860] [timeMillis: 1613416540784] [levelValue: 800] [[
  Grizzly Framework 2.3.23 started in: 5ms - bound to [/0.0.0.0:3700]]]

[2021-02-15T20:15:40.786+0100] [glassfish 4.1] [INFO] [NCLS-CORE-00017] [javax.enterprise.system.core] [tid: _ThreadID=1 _ThreadName=main] [timeMillis: 1613416540786] [levelValue: 800] [[
  GlassFish Server Open Source Edition  4.1.2  (1) startup time : Felix (2.874ms), startup services(1.325ms), total(4.199ms)]]

[2021-02-15T20:15:40.994+0100] [glassfish 4.1] [INFO] [jts.startup_msg] [javax.enterprise.system.core.transaction.com.sun.jts.CosTransactions] [tid: _ThreadID=19 _ThreadName=RunLevelControllerThread-1613416539480] [timeMillis: 1613416540994] [levelValue: 800] [[
  JTS5014: Recoverable JTS instance, serverId = [100]]]

[2021-02-15T20:15:41.476+0100] [glassfish 4.1] [INFO] [NCLS-JMX-00005] [javax.enterprise.system.jmx] [tid: _ThreadID=61 _ThreadName=Thread-15] [timeMillis: 1613416541476] [levelValue: 800] [[
  JMXStartupService has started JMXConnector on JMXService URL service:jmx:rmi://danist-Lenovo-E51-80:8686/jndi/rmi://danist-Lenovo-E51-80:8686/jmxrmi]]

[2021-02-15T20:15:41.665+0100] [glassfish 4.1] [INFO] [NCLS-CORE-00087] [javax.enterprise.system.core] [tid: _ThreadID=19 _ThreadName=RunLevelControllerThread-1613416539480] [timeMillis: 1613416541665] [levelValue: 800] [[
  Grizzly Framework 2.3.23 started in: 1ms - bound to [/0.0.0.0:7676]]]

[2021-02-15T20:15:41.668+0100] [glassfish 4.1] [INFO] [NCLS-BOOTSTRAP-00027] [javax.enterprise.bootstrap] [tid: _ThreadID=1 _ThreadName=main] [timeMillis: 1613416541668] [levelValue: 800] [[
  Registered com.sun.enterprise.glassfish.bootstrap.osgi.EmbeddedOSGiGlassFishImpl@1290ed28 as OSGi service registration: org.apache.felix.framework.ServiceRegistrationImpl@2b916808.]]

[2021-02-15T20:15:49.076+0100] [glassfish 4.1] [INFO] [NCLS-REST-00001] [javax.enterprise.admin.rest] [tid: _ThreadID=51 _ThreadName=admin-listener(2)] [timeMillis: 1613416549076] [levelValue: 800] [[
  Listening to REST requests at context: /command/domain.]]

[2021-02-15T20:15:49.376+0100] [glassfish 4.1] [INFO] [NCLS-CORE-00092] [javax.enterprise.system.core] [tid: _ThreadID=89 _ThreadName=Thread-23] [timeMillis: 1613416549376] [levelValue: 800] [[
  Server shutdown initiated]]

[2021-02-15T20:15:49.390+0100] [glassfish 4.1] [INFO] [NCLS-BOOTSTRAP-00028] [javax.enterprise.bootstrap] [tid: _ThreadID=89 _ThreadName=Thread-23] [timeMillis: 1613416549390] [levelValue: 800] [[
  Unregistered com.sun.enterprise.glassfish.bootstrap.osgi.EmbeddedOSGiGlassFishImpl@1290ed28 from service registry.]]

[2021-02-15T20:15:49.391+0100] [glassfish 4.1] [INFO] [] [] [tid: _ThreadID=89 _ThreadName=Thread-8] [timeMillis: 1613416549391] [levelValue: 800] [[
  FileMonitoring shutdown]]

[2021-02-15T20:15:49.402+0100] [glassfish 4.1] [INFO] [NCLS-JMX-00002] [javax.enterprise.system.jmx] [tid: _ThreadID=89 _ThreadName=Thread-23] [timeMillis: 1613416549402] [levelValue: 800] [[
  JMXStartupService: Stopped JMXConnectorServer: null]]

[2021-02-15T20:15:49.403+0100] [glassfish 4.1] [INFO] [NCLS-JMX-00001] [javax.enterprise.system.jmx] [tid: _ThreadID=89 _ThreadName=Thread-23] [timeMillis: 1613416549403] [levelValue: 800] [[
  JMXStartupService and JMXConnectors have been shut down.]]

[2021-02-15T20:15:49.573+0100] [glassfish 4.1] [INFO] [] [] [tid: _ThreadID=91 _ThreadName=Thread-8] [timeMillis: 1613416549573] [levelValue: 800] [[
  JdbcRuntimeExtension,  getAllSystemRAResourcesAndPools = [GlassFishConfigBean.org.glassfish.jdbc.config.JdbcResource, GlassFishConfigBean.org.glassfish.jdbc.config.JdbcResource, GlassFishConfigBean.org.glassfish.jdbc.config.JdbcConnectionPool, GlassFishConfigBean.org.glassfish.jdbc.config.JdbcConnectionPool]]]

[2021-02-15T20:16:58.648+0100] [] [INFO] [NCLS-GFLAUNCHER-00005] [javax.enterprise.launcher] [tid: _ThreadID=1 _ThreadName=main] [timeMillis: 1613416618648] [levelValue: 800] [[
  JVM invocation command line:
/usr/lib/jvm/java-8-openjdk-amd64/bin/java
-cp
/opt/glassfish4/glassfish/modules/glassfish.jar
-XX:+UnlockDiagnosticVMOptions
-XX:NewRatio=2
-XX:MaxPermSize=192m
-Xmx512m
-client
-javaagent:/opt/glassfish4/glassfish/lib/monitor/flashlight-agent.jar
-Djavax.xml.accessExternalSchema=all
-Djavax.net.ssl.trustStore=/opt/glassfish4/glassfish/domains/domain1/config/cacerts.jks
-Djdk.corba.allowOutputStreamSubclass=true
-Dfelix.fileinstall.dir=/opt/glassfish4/glassfish/modules/autostart/
-Dorg.glassfish.additionalOSGiBundlesToStart=org.apache.felix.shell,org.apache.felix.gogo.runtime,org.apache.felix.gogo.shell,org.apache.felix.gogo.command,org.apache.felix.shell.remote,org.apache.felix.fileinstall
-Dcom.sun.aas.installRoot=/opt/glassfish4/glassfish
-Dfelix.fileinstall.poll=5000
-Djava.endorsed.dirs=/opt/glassfish4/glassfish/modules/endorsed:/opt/glassfish4/glassfish/lib/endorsed
-Djava.security.policy=/opt/glassfish4/glassfish/domains/domain1/config/server.policy
-Dosgi.shell.telnet.maxconn=1
-Dfelix.fileinstall.bundles.startTransient=true
-Dcom.sun.enterprise.config.config_environment_factory_class=com.sun.enterprise.config.serverbeans.AppserverConfigEnvironmentFactory
-Dfelix.fileinstall.log.level=2
-Djavax.net.ssl.keyStore=/opt/glassfish4/glassfish/domains/domain1/config/keystore.jks
-Djava.security.auth.login.config=/opt/glassfish4/glassfish/domains/domain1/config/login.conf
-Dfelix.fileinstall.disableConfigSave=false
-Dfelix.fileinstall.bundles.new.start=true
-Dcom.sun.aas.instanceRoot=/opt/glassfish4/glassfish/domains/domain1
-Dosgi.shell.telnet.port=6666
-Dgosh.args=--nointeractive
-Dcom.sun.enterprise.security.httpsOutboundKeyAlias=s1as
-Dosgi.shell.telnet.ip=127.0.0.1
-DANTLR_USE_DIRECT_CLASS_LOADING=true
-Djava.awt.headless=true
-Dcom.ctc.wstx.returnNullForDefaultNamespace=true
-Djava.ext.dirs=/usr/lib/jvm/java-8-openjdk-amd64/lib/ext:/usr/lib/jvm/java-8-openjdk-amd64/jre/lib/ext:/opt/glassfish4/glassfish/domains/domain1/lib/ext
-Djdbc.drivers=org.apache.derby.jdbc.ClientDriver
-Djava.library.path=/opt/glassfish4/glassfish/lib:/usr/java/packages/lib/amd64:/usr/lib/x86_64-linux-gnu/jni:/lib/x86_64-linux-gnu:/usr/lib/x86_64-linux-gnu:/usr/lib/jni:/lib:/usr/lib
com.sun.enterprise.glassfish.bootstrap.ASMain
-upgrade
false
-domaindir
/opt/glassfish4/glassfish/domains/domain1
-read-stdin
true
-asadmin-args
--host,,,localhost,,,--port,,,4848,,,--secure=false,,,--terse=false,,,--echo=false,,,--interactive=true,,,start-domain,,,--verbose=false,,,--watchdog=false,,,--debug=false,,,--domaindir,,,/opt/glassfish4/glassfish/domains,,,domain1
-domainname
domain1
-instancename
server
-type
DAS
-verbose
false
-asadmin-classpath
/opt/glassfish4/glassfish/lib/client/appserver-cli.jar
-debug
false
-asadmin-classname
com.sun.enterprise.admin.cli.AdminMain]]

[2021-02-15T20:17:01.893+0100] [glassfish 4.1] [INFO] [NCLS-LOGGING-00009] [javax.enterprise.logging] [tid: _ThreadID=16 _ThreadName=RunLevelControllerThread-1613416621718] [timeMillis: 1613416621893] [levelValue: 800] [[
  Running GlassFish Version: GlassFish Server Open Source Edition  4.1.2  (build 1)]]

[2021-02-15T20:17:01.896+0100] [glassfish 4.1] [INFO] [NCLS-LOGGING-00010] [javax.enterprise.logging] [tid: _ThreadID=16 _ThreadName=RunLevelControllerThread-1613416621718] [timeMillis: 1613416621896] [levelValue: 800] [[
  Server log file is using Formatter class: com.sun.enterprise.server.logging.ODLLogFormatter]]

[2021-02-15T20:17:02.095+0100] [glassfish 4.1] [INFO] [NCLS-SECURITY-01115] [javax.enterprise.system.core.security] [tid: _ThreadID=17 _ThreadName=RunLevelControllerThread-1613416621743] [timeMillis: 1613416622095] [levelValue: 800] [[
  Realm [admin-realm] of classtype [com.sun.enterprise.security.auth.realm.file.FileRealm] successfully created.]]

[2021-02-15T20:17:02.097+0100] [glassfish 4.1] [INFO] [NCLS-SECURITY-01115] [javax.enterprise.system.core.security] [tid: _ThreadID=17 _ThreadName=RunLevelControllerThread-1613416621743] [timeMillis: 1613416622097] [levelValue: 800] [[
  Realm [file] of classtype [com.sun.enterprise.security.auth.realm.file.FileRealm] successfully created.]]

[2021-02-15T20:17:02.102+0100] [glassfish 4.1] [INFO] [NCLS-SECURITY-01115] [javax.enterprise.system.core.security] [tid: _ThreadID=17 _ThreadName=RunLevelControllerThread-1613416621743] [timeMillis: 1613416622102] [levelValue: 800] [[
  Realm [certificate] of classtype [com.sun.enterprise.security.auth.realm.certificate.CertificateRealm] successfully created.]]

[2021-02-15T20:17:02.594+0100] [glassfish 4.1] [INFO] [SEC-SVCS-00100] [javax.enterprise.security.services] [tid: _ThreadID=18 _ThreadName=RunLevelControllerThread-1613416621743] [timeMillis: 1613416622594] [levelValue: 800] [[
  Authorization Service has successfully initialized.]]

[2021-02-15T20:17:02.623+0100] [glassfish 4.1] [INFO] [] [org.glassfish.ha.store.spi.BackingStoreFactoryRegistry] [tid: _ThreadID=23 _ThreadName=RunLevelControllerThread-1613416622160] [timeMillis: 1613416622623] [levelValue: 800] [[
  Registered org.glassfish.ha.store.adapter.cache.ShoalBackingStoreProxy for persistence-type = replicated in BackingStoreFactoryRegistry]]

[2021-02-15T20:17:02.705+0100] [glassfish 4.1] [WARNING] [] [org.glassfish.grizzly.config.Utils] [tid: _ThreadID=15 _ThreadName=RunLevelControllerThread-1613416621717] [timeMillis: 1613416622705] [levelValue: 900] [[
  Instance could not be initialized. Class=interface org.glassfish.grizzly.http.server.AddOn, name=http-listener-1, realClassName=org.glassfish.grizzly.http2.Http2AddOn]]

[2021-02-15T20:17:02.773+0100] [glassfish 4.1] [INFO] [NCLS-CORE-00087] [javax.enterprise.system.core] [tid: _ThreadID=15 _ThreadName=RunLevelControllerThread-1613416621717] [timeMillis: 1613416622773] [levelValue: 800] [[
  Grizzly Framework 2.3.23 started in: 22ms - bound to [/0.0.0.0:8080]]]

[2021-02-15T20:17:02.790+0100] [glassfish 4.1] [WARNING] [] [org.glassfish.grizzly.config.Utils] [tid: _ThreadID=15 _ThreadName=RunLevelControllerThread-1613416621717] [timeMillis: 1613416622790] [levelValue: 900] [[
  Instance could not be initialized. Class=interface org.glassfish.grizzly.http.server.AddOn, name=http-listener-2, realClassName=org.glassfish.grizzly.http2.Http2AddOn]]

[2021-02-15T20:17:02.805+0100] [glassfish 4.1] [INFO] [NCLS-CORE-00087] [javax.enterprise.system.core] [tid: _ThreadID=15 _ThreadName=RunLevelControllerThread-1613416621717] [timeMillis: 1613416622805] [levelValue: 800] [[
  Grizzly Framework 2.3.23 started in: 1ms - bound to [/0.0.0.0:8181]]]

[2021-02-15T20:17:02.811+0100] [glassfish 4.1] [WARNING] [] [org.glassfish.grizzly.config.Utils] [tid: _ThreadID=15 _ThreadName=RunLevelControllerThread-1613416621717] [timeMillis: 1613416622811] [levelValue: 900] [[
  Instance could not be initialized. Class=interface org.glassfish.grizzly.http.server.AddOn, name=admin-listener, realClassName=org.glassfish.grizzly.http2.Http2AddOn]]

[2021-02-15T20:17:02.822+0100] [glassfish 4.1] [INFO] [NCLS-CORE-00087] [javax.enterprise.system.core] [tid: _ThreadID=15 _ThreadName=RunLevelControllerThread-1613416621717] [timeMillis: 1613416622822] [levelValue: 800] [[
  Grizzly Framework 2.3.23 started in: 2ms - bound to [/0.0.0.0:4848]]]

[2021-02-15T20:17:02.932+0100] [glassfish 4.1] [INFO] [NCLS-CORE-00087] [javax.enterprise.system.core] [tid: _ThreadID=16 _ThreadName=RunLevelControllerThread-1613416621718] [timeMillis: 1613416622932] [levelValue: 800] [[
  Grizzly Framework 2.3.23 started in: 1ms - bound to [/0.0.0.0:3700]]]

[2021-02-15T20:17:02.938+0100] [glassfish 4.1] [INFO] [NCLS-CORE-00017] [javax.enterprise.system.core] [tid: _ThreadID=1 _ThreadName=main] [timeMillis: 1613416622938] [levelValue: 800] [[
  GlassFish Server Open Source Edition  4.1.2  (1) startup time : Felix (2.840ms), startup services(1.230ms), total(4.070ms)]]

[2021-02-15T20:17:03.253+0100] [glassfish 4.1] [INFO] [jts.startup_msg] [javax.enterprise.system.core.transaction.com.sun.jts.CosTransactions] [tid: _ThreadID=18 _ThreadName=RunLevelControllerThread-1613416621743] [timeMillis: 1613416623253] [levelValue: 800] [[
  JTS5014: Recoverable JTS instance, serverId = [100]]]

[2021-02-15T20:17:03.564+0100] [glassfish 4.1] [INFO] [NCLS-JMX-00005] [javax.enterprise.system.jmx] [tid: _ThreadID=51 _ThreadName=Thread-14] [timeMillis: 1613416623564] [levelValue: 800] [[
  JMXStartupService has started JMXConnector on JMXService URL service:jmx:rmi://danist-Lenovo-E51-80:8686/jndi/rmi://danist-Lenovo-E51-80:8686/jmxrmi]]

[2021-02-15T20:17:03.700+0100] [glassfish 4.1] [INFO] [] [org.hibernate.validator.internal.util.Version] [tid: _ThreadID=16 _ThreadName=RunLevelControllerThread-1613416621718] [timeMillis: 1613416623700] [levelValue: 800] [[
  HV000001: Hibernate Validator 5.1.2.Final]]

[2021-02-15T20:17:04.130+0100] [glassfish 4.1] [INFO] [NCLS-CORE-00087] [javax.enterprise.system.core] [tid: _ThreadID=16 _ThreadName=RunLevelControllerThread-1613416621718] [timeMillis: 1613416624130] [levelValue: 800] [[
  Grizzly Framework 2.3.23 started in: 2ms - bound to [/0.0.0.0:7676]]]

[2021-02-15T20:17:04.133+0100] [glassfish 4.1] [INFO] [NCLS-BOOTSTRAP-00027] [javax.enterprise.bootstrap] [tid: _ThreadID=1 _ThreadName=main] [timeMillis: 1613416624133] [levelValue: 800] [[
  Registered com.sun.enterprise.glassfish.bootstrap.osgi.EmbeddedOSGiGlassFishImpl@2679311f as OSGi service registration: org.apache.felix.framework.ServiceRegistrationImpl@6e1d4137.]]

[2021-02-15T20:17:07.407+0100] [glassfish 4.1] [INFO] [NCLS-REST-00001] [javax.enterprise.admin.rest] [tid: _ThreadID=41 _ThreadName=admin-listener(1)] [timeMillis: 1613416627407] [levelValue: 800] [[
  Listening to REST requests at context: /command/domain.]]

[2021-02-15T20:17:07.710+0100] [glassfish 4.1] [INFO] [NCLS-CORE-00092] [javax.enterprise.system.core] [tid: _ThreadID=88 _ThreadName=Thread-23] [timeMillis: 1613416627710] [levelValue: 800] [[
  Server shutdown initiated]]

[2021-02-15T20:17:07.718+0100] [glassfish 4.1] [INFO] [NCLS-BOOTSTRAP-00028] [javax.enterprise.bootstrap] [tid: _ThreadID=88 _ThreadName=Thread-23] [timeMillis: 1613416627718] [levelValue: 800] [[
  Unregistered com.sun.enterprise.glassfish.bootstrap.osgi.EmbeddedOSGiGlassFishImpl@2679311f from service registry.]]

[2021-02-15T20:17:07.719+0100] [glassfish 4.1] [INFO] [] [] [tid: _ThreadID=88 _ThreadName=Thread-8] [timeMillis: 1613416627719] [levelValue: 800] [[
  FileMonitoring shutdown]]

[2021-02-15T20:17:07.751+0100] [glassfish 4.1] [INFO] [NCLS-JMX-00002] [javax.enterprise.system.jmx] [tid: _ThreadID=88 _ThreadName=Thread-23] [timeMillis: 1613416627751] [levelValue: 800] [[
  JMXStartupService: Stopped JMXConnectorServer: null]]

[2021-02-15T20:17:07.753+0100] [glassfish 4.1] [INFO] [NCLS-JMX-00001] [javax.enterprise.system.jmx] [tid: _ThreadID=88 _ThreadName=Thread-23] [timeMillis: 1613416627753] [levelValue: 800] [[
  JMXStartupService and JMXConnectors have been shut down.]]

[2021-02-15T20:17:07.963+0100] [glassfish 4.1] [INFO] [] [] [tid: _ThreadID=91 _ThreadName=Thread-8] [timeMillis: 1613416627963] [levelValue: 800] [[
  JdbcRuntimeExtension,  getAllSystemRAResourcesAndPools = [GlassFishConfigBean.org.glassfish.jdbc.config.JdbcResource, GlassFishConfigBean.org.glassfish.jdbc.config.JdbcResource, GlassFishConfigBean.org.glassfish.jdbc.config.JdbcConnectionPool, GlassFishConfigBean.org.glassfish.jdbc.config.JdbcConnectionPool]]]

[2021-02-15T20:17:15.595+0100] [] [INFO] [NCLS-GFLAUNCHER-00005] [javax.enterprise.launcher] [tid: _ThreadID=1 _ThreadName=main] [timeMillis: 1613416635595] [levelValue: 800] [[
  JVM invocation command line:
/usr/lib/jvm/java-8-openjdk-amd64/bin/java
-cp
/opt/glassfish4/glassfish/modules/glassfish.jar
-XX:+UnlockDiagnosticVMOptions
-XX:NewRatio=2
-XX:MaxPermSize=192m
-Xmx512m
-client
-javaagent:/opt/glassfish4/glassfish/lib/monitor/flashlight-agent.jar
-Djavax.xml.accessExternalSchema=all
-Djavax.net.ssl.trustStore=/opt/glassfish4/glassfish/domains/domain1/config/cacerts.jks
-Djdk.corba.allowOutputStreamSubclass=true
-Dfelix.fileinstall.dir=/opt/glassfish4/glassfish/modules/autostart/
-Dorg.glassfish.additionalOSGiBundlesToStart=org.apache.felix.shell,org.apache.felix.gogo.runtime,org.apache.felix.gogo.shell,org.apache.felix.gogo.command,org.apache.felix.shell.remote,org.apache.felix.fileinstall
-Dcom.sun.aas.installRoot=/opt/glassfish4/glassfish
-Dfelix.fileinstall.poll=5000
-Djava.endorsed.dirs=/opt/glassfish4/glassfish/modules/endorsed:/opt/glassfish4/glassfish/lib/endorsed
-Djava.security.policy=/opt/glassfish4/glassfish/domains/domain1/config/server.policy
-Dosgi.shell.telnet.maxconn=1
-Dfelix.fileinstall.bundles.startTransient=true
-Dcom.sun.enterprise.config.config_environment_factory_class=com.sun.enterprise.config.serverbeans.AppserverConfigEnvironmentFactory
-Dfelix.fileinstall.log.level=2
-Djavax.net.ssl.keyStore=/opt/glassfish4/glassfish/domains/domain1/config/keystore.jks
-Djava.security.auth.login.config=/opt/glassfish4/glassfish/domains/domain1/config/login.conf
-Dfelix.fileinstall.disableConfigSave=false
-Dfelix.fileinstall.bundles.new.start=true
-Dcom.sun.aas.instanceRoot=/opt/glassfish4/glassfish/domains/domain1
-Dosgi.shell.telnet.port=6666
-Dgosh.args=--nointeractive
-Dcom.sun.enterprise.security.httpsOutboundKeyAlias=s1as
-Dosgi.shell.telnet.ip=127.0.0.1
-DANTLR_USE_DIRECT_CLASS_LOADING=true
-Djava.awt.headless=true
-Dcom.ctc.wstx.returnNullForDefaultNamespace=true
-Djava.ext.dirs=/usr/lib/jvm/java-8-openjdk-amd64/lib/ext:/usr/lib/jvm/java-8-openjdk-amd64/jre/lib/ext:/opt/glassfish4/glassfish/domains/domain1/lib/ext
-Djdbc.drivers=org.apache.derby.jdbc.ClientDriver
-Djava.library.path=/opt/glassfish4/glassfish/lib:/usr/java/packages/lib/amd64:/usr/lib/x86_64-linux-gnu/jni:/lib/x86_64-linux-gnu:/usr/lib/x86_64-linux-gnu:/usr/lib/jni:/lib:/usr/lib
com.sun.enterprise.glassfish.bootstrap.ASMain
-upgrade
false
-domaindir
/opt/glassfish4/glassfish/domains/domain1
-read-stdin
true
-asadmin-args
--host,,,localhost,,,--port,,,4848,,,--secure=false,,,--terse=false,,,--echo=false,,,--interactive=true,,,start-domain,,,--verbose=false,,,--watchdog=false,,,--debug=false,,,--domaindir,,,/opt/glassfish4/glassfish/domains,,,domain1
-domainname
domain1
-instancename
server
-type
DAS
-verbose
false
-asadmin-classpath
/opt/glassfish4/glassfish/lib/client/appserver-cli.jar
-debug
false
-asadmin-classname
com.sun.enterprise.admin.cli.AdminMain]]

[2021-02-15T20:17:18.103+0100] [glassfish 4.1] [INFO] [NCLS-LOGGING-00009] [javax.enterprise.logging] [tid: _ThreadID=16 _ThreadName=RunLevelControllerThread-1613416637984] [timeMillis: 1613416638103] [levelValue: 800] [[
  Running GlassFish Version: GlassFish Server Open Source Edition  4.1.2  (build 1)]]

[2021-02-15T20:17:18.105+0100] [glassfish 4.1] [INFO] [NCLS-LOGGING-00010] [javax.enterprise.logging] [tid: _ThreadID=16 _ThreadName=RunLevelControllerThread-1613416637984] [timeMillis: 1613416638105] [levelValue: 800] [[
  Server log file is using Formatter class: com.sun.enterprise.server.logging.ODLLogFormatter]]

[2021-02-15T20:17:18.244+0100] [glassfish 4.1] [INFO] [NCLS-SECURITY-01115] [javax.enterprise.system.core.security] [tid: _ThreadID=15 _ThreadName=RunLevelControllerThread-1613416637960] [timeMillis: 1613416638244] [levelValue: 800] [[
  Realm [admin-realm] of classtype [com.sun.enterprise.security.auth.realm.file.FileRealm] successfully created.]]

[2021-02-15T20:17:18.246+0100] [glassfish 4.1] [INFO] [NCLS-SECURITY-01115] [javax.enterprise.system.core.security] [tid: _ThreadID=15 _ThreadName=RunLevelControllerThread-1613416637960] [timeMillis: 1613416638246] [levelValue: 800] [[
  Realm [file] of classtype [com.sun.enterprise.security.auth.realm.file.FileRealm] successfully created.]]

[2021-02-15T20:17:18.251+0100] [glassfish 4.1] [INFO] [NCLS-SECURITY-01115] [javax.enterprise.system.core.security] [tid: _ThreadID=15 _ThreadName=RunLevelControllerThread-1613416637960] [timeMillis: 1613416638251] [levelValue: 800] [[
  Realm [certificate] of classtype [com.sun.enterprise.security.auth.realm.certificate.CertificateRealm] successfully created.]]

[2021-02-15T20:17:18.430+0100] [glassfish 4.1] [INFO] [SEC-SVCS-00100] [javax.enterprise.security.services] [tid: _ThreadID=16 _ThreadName=RunLevelControllerThread-1613416637984] [timeMillis: 1613416638430] [levelValue: 800] [[
  Authorization Service has successfully initialized.]]

[2021-02-15T20:17:18.715+0100] [glassfish 4.1] [INFO] [] [org.glassfish.ha.store.spi.BackingStoreFactoryRegistry] [tid: _ThreadID=15 _ThreadName=RunLevelControllerThread-1613416637960] [timeMillis: 1613416638715] [levelValue: 800] [[
  Registered org.glassfish.ha.store.adapter.cache.ShoalBackingStoreProxy for persistence-type = replicated in BackingStoreFactoryRegistry]]

[2021-02-15T20:17:18.816+0100] [glassfish 4.1] [WARNING] [] [org.glassfish.grizzly.config.Utils] [tid: _ThreadID=18 _ThreadName=RunLevelControllerThread-1613416637992] [timeMillis: 1613416638816] [levelValue: 900] [[
  Instance could not be initialized. Class=interface org.glassfish.grizzly.http.server.AddOn, name=http-listener-1, realClassName=org.glassfish.grizzly.http2.Http2AddOn]]

[2021-02-15T20:17:18.882+0100] [glassfish 4.1] [INFO] [NCLS-CORE-00087] [javax.enterprise.system.core] [tid: _ThreadID=18 _ThreadName=RunLevelControllerThread-1613416637992] [timeMillis: 1613416638882] [levelValue: 800] [[
  Grizzly Framework 2.3.23 started in: 37ms - bound to [/0.0.0.0:8080]]]

[2021-02-15T20:17:18.901+0100] [glassfish 4.1] [WARNING] [] [org.glassfish.grizzly.config.Utils] [tid: _ThreadID=18 _ThreadName=RunLevelControllerThread-1613416637992] [timeMillis: 1613416638901] [levelValue: 900] [[
  Instance could not be initialized. Class=interface org.glassfish.grizzly.http.server.AddOn, name=http-listener-2, realClassName=org.glassfish.grizzly.http2.Http2AddOn]]

[2021-02-15T20:17:18.908+0100] [glassfish 4.1] [INFO] [NCLS-CORE-00087] [javax.enterprise.system.core] [tid: _ThreadID=18 _ThreadName=RunLevelControllerThread-1613416637992] [timeMillis: 1613416638908] [levelValue: 800] [[
  Grizzly Framework 2.3.23 started in: 2ms - bound to [/0.0.0.0:8181]]]

[2021-02-15T20:17:18.911+0100] [glassfish 4.1] [WARNING] [] [org.glassfish.grizzly.config.Utils] [tid: _ThreadID=18 _ThreadName=RunLevelControllerThread-1613416637992] [timeMillis: 1613416638911] [levelValue: 900] [[
  Instance could not be initialized. Class=interface org.glassfish.grizzly.http.server.AddOn, name=admin-listener, realClassName=org.glassfish.grizzly.http2.Http2AddOn]]

[2021-02-15T20:17:18.928+0100] [glassfish 4.1] [INFO] [NCLS-CORE-00087] [javax.enterprise.system.core] [tid: _ThreadID=18 _ThreadName=RunLevelControllerThread-1613416637992] [timeMillis: 1613416638928] [levelValue: 800] [[
  Grizzly Framework 2.3.23 started in: 4ms - bound to [/0.0.0.0:4848]]]

[2021-02-15T20:17:18.964+0100] [glassfish 4.1] [INFO] [NCLS-CORE-00087] [javax.enterprise.system.core] [tid: _ThreadID=18 _ThreadName=RunLevelControllerThread-1613416637992] [timeMillis: 1613416638964] [levelValue: 800] [[
  Grizzly Framework 2.3.23 started in: 1ms - bound to [/0.0.0.0:3700]]]

[2021-02-15T20:17:18.965+0100] [glassfish 4.1] [INFO] [NCLS-CORE-00017] [javax.enterprise.system.core] [tid: _ThreadID=1 _ThreadName=main] [timeMillis: 1613416638965] [levelValue: 800] [[
  GlassFish Server Open Source Edition  4.1.2  (1) startup time : Felix (2.138ms), startup services(1.014ms), total(3.152ms)]]

[2021-02-15T20:17:19.146+0100] [glassfish 4.1] [INFO] [jts.startup_msg] [javax.enterprise.system.core.transaction.com.sun.jts.CosTransactions] [tid: _ThreadID=15 _ThreadName=RunLevelControllerThread-1613416637960] [timeMillis: 1613416639146] [levelValue: 800] [[
  JTS5014: Recoverable JTS instance, serverId = [100]]]

[2021-02-15T20:17:19.394+0100] [glassfish 4.1] [INFO] [NCLS-JMX-00005] [javax.enterprise.system.jmx] [tid: _ThreadID=54 _ThreadName=Thread-16] [timeMillis: 1613416639394] [levelValue: 800] [[
  JMXStartupService has started JMXConnector on JMXService URL service:jmx:rmi://danist-Lenovo-E51-80:8686/jndi/rmi://danist-Lenovo-E51-80:8686/jmxrmi]]

[2021-02-15T20:17:19.427+0100] [glassfish 4.1] [INFO] [] [org.hibernate.validator.internal.util.Version] [tid: _ThreadID=18 _ThreadName=RunLevelControllerThread-1613416637992] [timeMillis: 1613416639427] [levelValue: 800] [[
  HV000001: Hibernate Validator 5.1.2.Final]]

[2021-02-15T20:17:19.728+0100] [glassfish 4.1] [INFO] [NCLS-CORE-00087] [javax.enterprise.system.core] [tid: _ThreadID=18 _ThreadName=RunLevelControllerThread-1613416637992] [timeMillis: 1613416639728] [levelValue: 800] [[
  Grizzly Framework 2.3.23 started in: 1ms - bound to [/0.0.0.0:7676]]]

[2021-02-15T20:17:19.732+0100] [glassfish 4.1] [INFO] [NCLS-BOOTSTRAP-00027] [javax.enterprise.bootstrap] [tid: _ThreadID=1 _ThreadName=main] [timeMillis: 1613416639732] [levelValue: 800] [[
  Registered com.sun.enterprise.glassfish.bootstrap.osgi.EmbeddedOSGiGlassFishImpl@5327a06e as OSGi service registration: org.apache.felix.framework.ServiceRegistrationImpl@3bb8aabc.]]

[2021-02-15T20:18:23.469+0100] [glassfish 4.1] [INFO] [NCLS-REST-00001] [javax.enterprise.admin.rest] [tid: _ThreadID=41 _ThreadName=admin-listener(1)] [timeMillis: 1613416703469] [levelValue: 800] [[
  Listening to REST requests at context: /command/domain.]]

[2021-02-15T20:18:23.944+0100] [glassfish 4.1] [INFO] [NCLS-CORE-00092] [javax.enterprise.system.core] [tid: _ThreadID=93 _ThreadName=Thread-22] [timeMillis: 1613416703944] [levelValue: 800] [[
  Server shutdown initiated]]

[2021-02-15T20:18:23.978+0100] [glassfish 4.1] [INFO] [NCLS-BOOTSTRAP-00028] [javax.enterprise.bootstrap] [tid: _ThreadID=93 _ThreadName=Thread-22] [timeMillis: 1613416703978] [levelValue: 800] [[
  Unregistered com.sun.enterprise.glassfish.bootstrap.osgi.EmbeddedOSGiGlassFishImpl@5327a06e from service registry.]]

[2021-02-15T20:18:23.987+0100] [glassfish 4.1] [INFO] [] [] [tid: _ThreadID=93 _ThreadName=Thread-8] [timeMillis: 1613416703987] [levelValue: 800] [[
  FileMonitoring shutdown]]

[2021-02-15T20:18:23.993+0100] [glassfish 4.1] [INFO] [NCLS-JMX-00002] [javax.enterprise.system.jmx] [tid: _ThreadID=93 _ThreadName=Thread-22] [timeMillis: 1613416703993] [levelValue: 800] [[
  JMXStartupService: Stopped JMXConnectorServer: null]]

[2021-02-15T20:18:23.994+0100] [glassfish 4.1] [INFO] [NCLS-JMX-00001] [javax.enterprise.system.jmx] [tid: _ThreadID=93 _ThreadName=Thread-22] [timeMillis: 1613416703994] [levelValue: 800] [[
  JMXStartupService and JMXConnectors have been shut down.]]

[2021-02-15T20:18:24.354+0100] [glassfish 4.1] [INFO] [] [] [tid: _ThreadID=104 _ThreadName=Thread-8] [timeMillis: 1613416704354] [levelValue: 800] [[
  JdbcRuntimeExtension,  getAllSystemRAResourcesAndPools = [GlassFishConfigBean.org.glassfish.jdbc.config.JdbcResource, GlassFishConfigBean.org.glassfish.jdbc.config.JdbcResource, GlassFishConfigBean.org.glassfish.jdbc.config.JdbcConnectionPool, GlassFishConfigBean.org.glassfish.jdbc.config.JdbcConnectionPool]]]

